Arguments: 
  D:\Program Files\nodejs\node.exe C:\Users\ZCT\AppData\Roaming\npm\node_modules\yarn\bin\yarn.js install

PATH: 
  C:\Windows\system32 w10zj.com;C:\Windows;C:\Windows\System32\Wbem;C:\Windows\System32\WindowsPowerShell\v1.0\;C:\Windows\System32\;D:\ProgramData\Anaconda3;D:\ProgramData\Anaconda3\Scripts\;D:\ProgramData\Anaconda3\Library\bin;D:\ProgramData\Anaconda3\Library\mingw-w64\bin;D:\Program Files\nodejs;D:\Program Files\Go\bin;D:\Program Files\Git\cmd;C:\Users\ZCT\AppData\Local\Microsoft\WindowsApps;D:\MinGW\bin;C:\Users\ZCT\AppData\Roaming\npm;D:\Program Files\Microsoft VS Code\bin;D:\Program Files\Git;D:\Program Files\Android\Sdk\platform-tools;D:\Program Files\Java\jdk-11\bin;C:\Users\ZCT\go\bin;D:\Program Files\Git

Yarn version: 
  1.22.17

Node version: 
  14.17.6

Platform: 
  win32 x64

Trace: 
  Error: EEXIST: file already exists, mkdir 'C:\Users\ZCT\Desktop\微信小游戏\rocket-bear\node_modules\@babel\highlight'

npm manifest: 
  {
    "name": "rocket-bear",
    "version": "1.0.0",
    "description": "phaser game",
    "main": "index.js",
    "scripts": {
      "start": "tsc --watch",
      "lint": "eslint ./src --ext .js,.jsx,.ts,.tsx"
    },
    "keywords": [],
    "author": "zct <18810540040@163.com>",
    "license": "MIT",
    "devDependencies": {
      "@types/wechat-miniprogram": "^3.4.0",
      "@typescript-eslint/eslint-plugin": "^4.29.3",
      "@typescript-eslint/parser": "^4.29.3",
      "eslint": "^7.32.0",
      "eslint-config-airbnb": "^18.2.1",
      "eslint-config-airbnb-typescript": "^14.0.0",
      "eslint-plugin-import": "^2.24.2",
      "typescript": "^4.4.3"
    },
    "dependencies": {
      "phaser": "^3.55.2"
    },
    "repository": "https://github.com/xfz1987/rocket-bear.git"
  }

yarn manifest: 
  No manifest

Lockfile: 
  No lockfile
